<?xml version="1.0" encoding="UTF-8"?>
<!-- Generated by org.testng.reporters.JUnitReportReporter -->
<testsuite hostname="DESKTOP-V14UFRN" failures="0" tests="1" name="mysql.MySQLDemo" time="1.851" errors="0" timestamp="2025-09-16T13:03:44 IST" skipped="0">
  <testcase classname="mysql.MySQLDemo" name="testRunQuery" time="1.851"/>
</testsuite> <!-- mysql.MySQLDemo -->
